<?xml version="1.0" encoding="UTF-8"?>
<!-- Generated by org.testng.reporters.JUnitReportReporter -->
<testsuite hostname="LAPTOP-TINQNFE1" failures="0" tests="37" name="com.TesRunner.TestNgTestRunner" time="49.772" errors="0" timestamp="2024-04-28T23:32:01 EDT" skipped="0">
  <testcase classname="com.TesRunner.TestNgTestRunner" name="runScenario" time="0.276"/>
  <testcase classname="com.TesRunner.TestNgTestRunner" name="runScenario" time="1.436"/>
  <testcase classname="com.TesRunner.TestNgTestRunner" name="runScenario" time="0.196"/>
  <testcase classname="com.TesRunner.TestNgTestRunner" name="runScenario" time="0.289"/>
  <testcase classname="com.TesRunner.TestNgTestRunner" name="runScenario" time="0.771"/>
  <testcase classname="com.TesRunner.TestNgTestRunner" name="runScenario" time="0.218"/>
  <testcase classname="com.TesRunner.TestNgTestRunner" name="runScenario" time="0.036"/>
  <testcase classname="com.TesRunner.TestNgTestRunner" name="runScenario" time="10.548"/>
  <testcase classname="com.TesRunner.TestNgTestRunner" name="runScenario" time="0.240"/>
  <testcase classname="com.TesRunner.TestNgTestRunner" name="runScenario" time="0.189"/>
  <testcase classname="com.TesRunner.TestNgTestRunner" name="runScenario" time="5.036"/>
  <testcase classname="com.TesRunner.TestNgTestRunner" name="runScenario" time="0.265"/>
  <testcase classname="com.TesRunner.TestNgTestRunner" name="runScenario" time="0.621"/>
  <testcase classname="com.TesRunner.TestNgTestRunner" name="runScenario" time="0.059"/>
  <testcase classname="com.TesRunner.TestNgTestRunner" name="runScenario" time="0.448"/>
  <testcase classname="com.TesRunner.TestNgTestRunner" name="runScenario" time="0.005"/>
  <testcase classname="com.TesRunner.TestNgTestRunner" name="runScenario" time="0.256"/>
  <testcase classname="com.TesRunner.TestNgTestRunner" name="runScenario" time="0.231"/>
  <testcase classname="com.TesRunner.TestNgTestRunner" name="runScenario" time="0.913"/>
  <testcase classname="com.TesRunner.TestNgTestRunner" name="runScenario" time="0.091"/>
  <testcase classname="com.TesRunner.TestNgTestRunner" name="runScenario" time="0.232"/>
  <testcase classname="com.TesRunner.TestNgTestRunner" name="runScenario" time="0.279"/>
  <testcase classname="com.TesRunner.TestNgTestRunner" name="runScenario" time="0.228"/>
  <testcase classname="com.TesRunner.TestNgTestRunner" name="runScenario" time="6.285"/>
  <testcase classname="com.TesRunner.TestNgTestRunner" name="runScenario" time="0.062"/>
  <testcase classname="com.TesRunner.TestNgTestRunner" name="runScenario" time="0.058"/>
  <testcase classname="com.TesRunner.TestNgTestRunner" name="runScenario" time="8.065"/>
  <testcase classname="com.TesRunner.TestNgTestRunner" name="runScenario" time="0.041"/>
  <testcase classname="com.TesRunner.TestNgTestRunner" name="runScenario" time="0.338"/>
  <testcase classname="com.TesRunner.TestNgTestRunner" name="runScenario" time="4.853"/>
  <testcase classname="com.TesRunner.TestNgTestRunner" name="runScenario" time="0.109"/>
  <testcase classname="com.TesRunner.TestNgTestRunner" name="runScenario" time="0.230"/>
  <testcase classname="com.TesRunner.TestNgTestRunner" name="runScenario" time="0.454"/>
  <testcase classname="com.TesRunner.TestNgTestRunner" name="runScenario" time="0.576"/>
  <testcase classname="com.TesRunner.TestNgTestRunner" name="runScenario" time="0.265"/>
  <testcase classname="com.TesRunner.TestNgTestRunner" name="runScenario" time="0.241"/>
  <testcase classname="com.TesRunner.TestNgTestRunner" name="runScenario" time="5.332"/>
</testsuite> <!-- com.TesRunner.TestNgTestRunner -->
