<?xml version="1.0" encoding="UTF-8"?>
<!-- Generated by org.testng.reporters.JUnitReportReporter -->
<testsuite hostname="Keerthis-Air.lan" failures="0" tests="92" name="com.TesRunner.TestNgTestRunner" time="3.514" errors="92" timestamp="2024-05-01T11:25:07 EDT" skipped="0">
  <testcase classname="com.TesRunner.TestNgTestRunner" name="runScenario" time="0.017">
    <error message="Can&#039;t find bundle for base name config, locale en_US" type="java.util.MissingResourceException">
      <![CDATA[java.util.MissingResourceException: Can't find bundle for base name config, locale en_US
at java.base/java.util.ResourceBundle.throwMissingResourceException(ResourceBundle.java:2062)
at java.base/java.util.ResourceBundle.getBundleImpl(ResourceBundle.java:1700)
at java.base/java.util.ResourceBundle.getBundleImpl(ResourceBundle.java:1603)
at java.base/java.util.ResourceBundle.getBundleImpl(ResourceBundle.java:1558)
at java.base/java.util.ResourceBundle.getBundle(ResourceBundle.java:864)
at com.driverFactory.DriverClass.getdesireDriver(DriverClass.java:24)
at com.driverFactory.DriverClass.setUpDriver(DriverClass.java:67)
at com.Hooks.Hooks.setUp(Hooks.java:21)
]]>
    </error>
  </testcase> <!-- runScenario -->
  <testcase classname="com.TesRunner.TestNgTestRunner" name="runScenario" time="0.015">
    <error message="Can&#039;t find bundle for base name config, locale en_US" type="java.util.MissingResourceException">
      <![CDATA[java.util.MissingResourceException: Can't find bundle for base name config, locale en_US
at java.base/java.util.ResourceBundle.throwMissingResourceException(ResourceBundle.java:2062)
at java.base/java.util.ResourceBundle.getBundleImpl(ResourceBundle.java:1700)
at java.base/java.util.ResourceBundle.getBundleImpl(ResourceBundle.java:1603)
at java.base/java.util.ResourceBundle.getBundleImpl(ResourceBundle.java:1558)
at java.base/java.util.ResourceBundle.getBundle(ResourceBundle.java:864)
at com.driverFactory.DriverClass.getdesireDriver(DriverClass.java:24)
at com.driverFactory.DriverClass.setUpDriver(DriverClass.java:67)
at com.Hooks.Hooks.setUp(Hooks.java:21)
]]>
    </error>
  </testcase> <!-- runScenario -->
  <testcase classname="com.TesRunner.TestNgTestRunner" name="runScenario" time="0.018">
    <error message="Can&#039;t find bundle for base name config, locale en_US" type="java.util.MissingResourceException">
      <![CDATA[java.util.MissingResourceException: Can't find bundle for base name config, locale en_US
at java.base/java.util.ResourceBundle.throwMissingResourceException(ResourceBundle.java:2062)
at java.base/java.util.ResourceBundle.getBundleImpl(ResourceBundle.java:1700)
at java.base/java.util.ResourceBundle.getBundleImpl(ResourceBundle.java:1603)
at java.base/java.util.ResourceBundle.getBundleImpl(ResourceBundle.java:1558)
at java.base/java.util.ResourceBundle.getBundle(ResourceBundle.java:864)
at com.driverFactory.DriverClass.getdesireDriver(DriverClass.java:24)
at com.driverFactory.DriverClass.setUpDriver(DriverClass.java:67)
at com.Hooks.Hooks.setUp(Hooks.java:21)
]]>
    </error>
  </testcase> <!-- runScenario -->
  <testcase classname="com.TesRunner.TestNgTestRunner" name="runScenario" time="0.013">
    <error message="Can&#039;t find bundle for base name config, locale en_US" type="java.util.MissingResourceException">
      <![CDATA[java.util.MissingResourceException: Can't find bundle for base name config, locale en_US
at java.base/java.util.ResourceBundle.throwMissingResourceException(ResourceBundle.java:2062)
at java.base/java.util.ResourceBundle.getBundleImpl(ResourceBundle.java:1700)
at java.base/java.util.ResourceBundle.getBundleImpl(ResourceBundle.java:1603)
at java.base/java.util.ResourceBundle.getBundleImpl(ResourceBundle.java:1558)
at java.base/java.util.ResourceBundle.getBundle(ResourceBundle.java:864)
at com.driverFactory.DriverClass.getdesireDriver(DriverClass.java:24)
at com.driverFactory.DriverClass.setUpDriver(DriverClass.java:67)
at com.Hooks.Hooks.setUp(Hooks.java:21)
]]>
    </error>
  </testcase> <!-- runScenario -->
  <testcase classname="com.TesRunner.TestNgTestRunner" name="runScenario" time="0.015">
    <error message="Can&#039;t find bundle for base name config, locale en_US" type="java.util.MissingResourceException">
      <![CDATA[java.util.MissingResourceException: Can't find bundle for base name config, locale en_US
at java.base/java.util.ResourceBundle.throwMissingResourceException(ResourceBundle.java:2062)
at java.base/java.util.ResourceBundle.getBundleImpl(ResourceBundle.java:1700)
at java.base/java.util.ResourceBundle.getBundleImpl(ResourceBundle.java:1603)
at java.base/java.util.ResourceBundle.getBundleImpl(ResourceBundle.java:1558)
at java.base/java.util.ResourceBundle.getBundle(ResourceBundle.java:864)
at com.driverFactory.DriverClass.getdesireDriver(DriverClass.java:24)
at com.driverFactory.DriverClass.setUpDriver(DriverClass.java:67)
at com.Hooks.Hooks.setUp(Hooks.java:21)
]]>
    </error>
  </testcase> <!-- runScenario -->
  <testcase classname="com.TesRunner.TestNgTestRunner" name="runScenario" time="0.034">
    <error message="Can&#039;t find bundle for base name config, locale en_US" type="java.util.MissingResourceException">
      <![CDATA[java.util.MissingResourceException: Can't find bundle for base name config, locale en_US
at java.base/java.util.ResourceBundle.throwMissingResourceException(ResourceBundle.java:2062)
at java.base/java.util.ResourceBundle.getBundleImpl(ResourceBundle.java:1700)
at java.base/java.util.ResourceBundle.getBundleImpl(ResourceBundle.java:1603)
at java.base/java.util.ResourceBundle.getBundleImpl(ResourceBundle.java:1558)
at java.base/java.util.ResourceBundle.getBundle(ResourceBundle.java:864)
at com.driverFactory.DriverClass.getdesireDriver(DriverClass.java:24)
at com.driverFactory.DriverClass.setUpDriver(DriverClass.java:67)
at com.Hooks.Hooks.setUp(Hooks.java:21)
]]>
    </error>
  </testcase> <!-- runScenario -->
  <testcase classname="com.TesRunner.TestNgTestRunner" name="runScenario" time="0.016">
    <error message="Can&#039;t find bundle for base name config, locale en_US" type="java.util.MissingResourceException">
      <![CDATA[java.util.MissingResourceException: Can't find bundle for base name config, locale en_US
at java.base/java.util.ResourceBundle.throwMissingResourceException(ResourceBundle.java:2062)
at java.base/java.util.ResourceBundle.getBundleImpl(ResourceBundle.java:1700)
at java.base/java.util.ResourceBundle.getBundleImpl(ResourceBundle.java:1603)
at java.base/java.util.ResourceBundle.getBundleImpl(ResourceBundle.java:1558)
at java.base/java.util.ResourceBundle.getBundle(ResourceBundle.java:864)
at com.driverFactory.DriverClass.getdesireDriver(DriverClass.java:24)
at com.driverFactory.DriverClass.setUpDriver(DriverClass.java:67)
at com.Hooks.Hooks.setUp(Hooks.java:21)
]]>
    </error>
  </testcase> <!-- runScenario -->
  <testcase classname="com.TesRunner.TestNgTestRunner" name="runScenario" time="0.018">
    <error message="Can&#039;t find bundle for base name config, locale en_US" type="java.util.MissingResourceException">
      <![CDATA[java.util.MissingResourceException: Can't find bundle for base name config, locale en_US
at java.base/java.util.ResourceBundle.throwMissingResourceException(ResourceBundle.java:2062)
at java.base/java.util.ResourceBundle.getBundleImpl(ResourceBundle.java:1700)
at java.base/java.util.ResourceBundle.getBundleImpl(ResourceBundle.java:1603)
at java.base/java.util.ResourceBundle.getBundleImpl(ResourceBundle.java:1558)
at java.base/java.util.ResourceBundle.getBundle(ResourceBundle.java:864)
at com.driverFactory.DriverClass.getdesireDriver(DriverClass.java:24)
at com.driverFactory.DriverClass.setUpDriver(DriverClass.java:67)
at com.Hooks.Hooks.setUp(Hooks.java:21)
]]>
    </error>
  </testcase> <!-- runScenario -->
  <testcase classname="com.TesRunner.TestNgTestRunner" name="runScenario" time="0.025">
    <error message="Can&#039;t find bundle for base name config, locale en_US" type="java.util.MissingResourceException">
      <![CDATA[java.util.MissingResourceException: Can't find bundle for base name config, locale en_US
at java.base/java.util.ResourceBundle.throwMissingResourceException(ResourceBundle.java:2062)
at java.base/java.util.ResourceBundle.getBundleImpl(ResourceBundle.java:1700)
at java.base/java.util.ResourceBundle.getBundleImpl(ResourceBundle.java:1603)
at java.base/java.util.ResourceBundle.getBundleImpl(ResourceBundle.java:1558)
at java.base/java.util.ResourceBundle.getBundle(ResourceBundle.java:864)
at com.driverFactory.DriverClass.getdesireDriver(DriverClass.java:24)
at com.driverFactory.DriverClass.setUpDriver(DriverClass.java:67)
at com.Hooks.Hooks.setUp(Hooks.java:21)
]]>
    </error>
  </testcase> <!-- runScenario -->
  <testcase classname="com.TesRunner.TestNgTestRunner" name="runScenario" time="0.021">
    <error message="Can&#039;t find bundle for base name config, locale en_US" type="java.util.MissingResourceException">
      <![CDATA[java.util.MissingResourceException: Can't find bundle for base name config, locale en_US
at java.base/java.util.ResourceBundle.throwMissingResourceException(ResourceBundle.java:2062)
at java.base/java.util.ResourceBundle.getBundleImpl(ResourceBundle.java:1700)
at java.base/java.util.ResourceBundle.getBundleImpl(ResourceBundle.java:1603)
at java.base/java.util.ResourceBundle.getBundleImpl(ResourceBundle.java:1558)
at java.base/java.util.ResourceBundle.getBundle(ResourceBundle.java:864)
at com.driverFactory.DriverClass.getdesireDriver(DriverClass.java:24)
at com.driverFactory.DriverClass.setUpDriver(DriverClass.java:67)
at com.Hooks.Hooks.setUp(Hooks.java:21)
]]>
    </error>
  </testcase> <!-- runScenario -->
  <testcase classname="com.TesRunner.TestNgTestRunner" name="runScenario" time="0.026">
    <error message="Can&#039;t find bundle for base name config, locale en_US" type="java.util.MissingResourceException">
      <![CDATA[java.util.MissingResourceException: Can't find bundle for base name config, locale en_US
at java.base/java.util.ResourceBundle.throwMissingResourceException(ResourceBundle.java:2062)
at java.base/java.util.ResourceBundle.getBundleImpl(ResourceBundle.java:1700)
at java.base/java.util.ResourceBundle.getBundleImpl(ResourceBundle.java:1603)
at java.base/java.util.ResourceBundle.getBundleImpl(ResourceBundle.java:1558)
at java.base/java.util.ResourceBundle.getBundle(ResourceBundle.java:864)
at com.driverFactory.DriverClass.getdesireDriver(DriverClass.java:24)
at com.driverFactory.DriverClass.setUpDriver(DriverClass.java:67)
at com.Hooks.Hooks.setUp(Hooks.java:21)
]]>
    </error>
  </testcase> <!-- runScenario -->
  <testcase classname="com.TesRunner.TestNgTestRunner" name="runScenario" time="0.020">
    <error message="Can&#039;t find bundle for base name config, locale en_US" type="java.util.MissingResourceException">
      <![CDATA[java.util.MissingResourceException: Can't find bundle for base name config, locale en_US
at java.base/java.util.ResourceBundle.throwMissingResourceException(ResourceBundle.java:2062)
at java.base/java.util.ResourceBundle.getBundleImpl(ResourceBundle.java:1700)
at java.base/java.util.ResourceBundle.getBundleImpl(ResourceBundle.java:1603)
at java.base/java.util.ResourceBundle.getBundleImpl(ResourceBundle.java:1558)
at java.base/java.util.ResourceBundle.getBundle(ResourceBundle.java:864)
at com.driverFactory.DriverClass.getdesireDriver(DriverClass.java:24)
at com.driverFactory.DriverClass.setUpDriver(DriverClass.java:67)
at com.Hooks.Hooks.setUp(Hooks.java:21)
]]>
    </error>
  </testcase> <!-- runScenario -->
  <testcase classname="com.TesRunner.TestNgTestRunner" name="runScenario" time="0.026">
    <error message="Can&#039;t find bundle for base name config, locale en_US" type="java.util.MissingResourceException">
      <![CDATA[java.util.MissingResourceException: Can't find bundle for base name config, locale en_US
at java.base/java.util.ResourceBundle.throwMissingResourceException(ResourceBundle.java:2062)
at java.base/java.util.ResourceBundle.getBundleImpl(ResourceBundle.java:1700)
at java.base/java.util.ResourceBundle.getBundleImpl(ResourceBundle.java:1603)
at java.base/java.util.ResourceBundle.getBundleImpl(ResourceBundle.java:1558)
at java.base/java.util.ResourceBundle.getBundle(ResourceBundle.java:864)
at com.driverFactory.DriverClass.getdesireDriver(DriverClass.java:24)
at com.driverFactory.DriverClass.setUpDriver(DriverClass.java:67)
at com.Hooks.Hooks.setUp(Hooks.java:21)
]]>
    </error>
  </testcase> <!-- runScenario -->
  <testcase classname="com.TesRunner.TestNgTestRunner" name="runScenario" time="0.011">
    <error message="Can&#039;t find bundle for base name config, locale en_US" type="java.util.MissingResourceException">
      <![CDATA[java.util.MissingResourceException: Can't find bundle for base name config, locale en_US
at java.base/java.util.ResourceBundle.throwMissingResourceException(ResourceBundle.java:2062)
at java.base/java.util.ResourceBundle.getBundleImpl(ResourceBundle.java:1700)
at java.base/java.util.ResourceBundle.getBundleImpl(ResourceBundle.java:1603)
at java.base/java.util.ResourceBundle.getBundleImpl(ResourceBundle.java:1558)
at java.base/java.util.ResourceBundle.getBundle(ResourceBundle.java:864)
at com.driverFactory.DriverClass.getdesireDriver(DriverClass.java:24)
at com.driverFactory.DriverClass.setUpDriver(DriverClass.java:67)
at com.Hooks.Hooks.setUp(Hooks.java:21)
]]>
    </error>
  </testcase> <!-- runScenario -->
  <testcase classname="com.TesRunner.TestNgTestRunner" name="runScenario" time="0.011">
    <error message="Can&#039;t find bundle for base name config, locale en_US" type="java.util.MissingResourceException">
      <![CDATA[java.util.MissingResourceException: Can't find bundle for base name config, locale en_US
at java.base/java.util.ResourceBundle.throwMissingResourceException(ResourceBundle.java:2062)
at java.base/java.util.ResourceBundle.getBundleImpl(ResourceBundle.java:1700)
at java.base/java.util.ResourceBundle.getBundleImpl(ResourceBundle.java:1603)
at java.base/java.util.ResourceBundle.getBundleImpl(ResourceBundle.java:1558)
at java.base/java.util.ResourceBundle.getBundle(ResourceBundle.java:864)
at com.driverFactory.DriverClass.getdesireDriver(DriverClass.java:24)
at com.driverFactory.DriverClass.setUpDriver(DriverClass.java:67)
at com.Hooks.Hooks.setUp(Hooks.java:21)
]]>
    </error>
  </testcase> <!-- runScenario -->
  <testcase classname="com.TesRunner.TestNgTestRunner" name="runScenario" time="0.014">
    <error message="Can&#039;t find bundle for base name config, locale en_US" type="java.util.MissingResourceException">
      <![CDATA[java.util.MissingResourceException: Can't find bundle for base name config, locale en_US
at java.base/java.util.ResourceBundle.throwMissingResourceException(ResourceBundle.java:2062)
at java.base/java.util.ResourceBundle.getBundleImpl(ResourceBundle.java:1700)
at java.base/java.util.ResourceBundle.getBundleImpl(ResourceBundle.java:1603)
at java.base/java.util.ResourceBundle.getBundleImpl(ResourceBundle.java:1558)
at java.base/java.util.ResourceBundle.getBundle(ResourceBundle.java:864)
at com.driverFactory.DriverClass.getdesireDriver(DriverClass.java:24)
at com.driverFactory.DriverClass.setUpDriver(DriverClass.java:67)
at com.Hooks.Hooks.setUp(Hooks.java:21)
]]>
    </error>
  </testcase> <!-- runScenario -->
  <testcase classname="com.TesRunner.TestNgTestRunner" name="runScenario" time="0.028">
    <error message="Can&#039;t find bundle for base name config, locale en_US" type="java.util.MissingResourceException">
      <![CDATA[java.util.MissingResourceException: Can't find bundle for base name config, locale en_US
at java.base/java.util.ResourceBundle.throwMissingResourceException(ResourceBundle.java:2062)
at java.base/java.util.ResourceBundle.getBundleImpl(ResourceBundle.java:1700)
at java.base/java.util.ResourceBundle.getBundleImpl(ResourceBundle.java:1603)
at java.base/java.util.ResourceBundle.getBundleImpl(ResourceBundle.java:1558)
at java.base/java.util.ResourceBundle.getBundle(ResourceBundle.java:864)
at com.driverFactory.DriverClass.getdesireDriver(DriverClass.java:24)
at com.driverFactory.DriverClass.setUpDriver(DriverClass.java:67)
at com.Hooks.Hooks.setUp(Hooks.java:21)
]]>
    </error>
  </testcase> <!-- runScenario -->
  <testcase classname="com.TesRunner.TestNgTestRunner" name="runScenario" time="0.022">
    <error message="Can&#039;t find bundle for base name config, locale en_US" type="java.util.MissingResourceException">
      <![CDATA[java.util.MissingResourceException: Can't find bundle for base name config, locale en_US
at java.base/java.util.ResourceBundle.throwMissingResourceException(ResourceBundle.java:2062)
at java.base/java.util.ResourceBundle.getBundleImpl(ResourceBundle.java:1700)
at java.base/java.util.ResourceBundle.getBundleImpl(ResourceBundle.java:1603)
at java.base/java.util.ResourceBundle.getBundleImpl(ResourceBundle.java:1558)
at java.base/java.util.ResourceBundle.getBundle(ResourceBundle.java:864)
at com.driverFactory.DriverClass.getdesireDriver(DriverClass.java:24)
at com.driverFactory.DriverClass.setUpDriver(DriverClass.java:67)
at com.Hooks.Hooks.setUp(Hooks.java:21)
]]>
    </error>
  </testcase> <!-- runScenario -->
  <testcase classname="com.TesRunner.TestNgTestRunner" name="runScenario" time="0.017">
    <error message="Can&#039;t find bundle for base name config, locale en_US" type="java.util.MissingResourceException">
      <![CDATA[java.util.MissingResourceException: Can't find bundle for base name config, locale en_US
at java.base/java.util.ResourceBundle.throwMissingResourceException(ResourceBundle.java:2062)
at java.base/java.util.ResourceBundle.getBundleImpl(ResourceBundle.java:1700)
at java.base/java.util.ResourceBundle.getBundleImpl(ResourceBundle.java:1603)
at java.base/java.util.ResourceBundle.getBundleImpl(ResourceBundle.java:1558)
at java.base/java.util.ResourceBundle.getBundle(ResourceBundle.java:864)
at com.driverFactory.DriverClass.getdesireDriver(DriverClass.java:24)
at com.driverFactory.DriverClass.setUpDriver(DriverClass.java:67)
at com.Hooks.Hooks.setUp(Hooks.java:21)
]]>
    </error>
  </testcase> <!-- runScenario -->
  <testcase classname="com.TesRunner.TestNgTestRunner" name="runScenario" time="0.013">
    <error message="Can&#039;t find bundle for base name config, locale en_US" type="java.util.MissingResourceException">
      <![CDATA[java.util.MissingResourceException: Can't find bundle for base name config, locale en_US
at java.base/java.util.ResourceBundle.throwMissingResourceException(ResourceBundle.java:2062)
at java.base/java.util.ResourceBundle.getBundleImpl(ResourceBundle.java:1700)
at java.base/java.util.ResourceBundle.getBundleImpl(ResourceBundle.java:1603)
at java.base/java.util.ResourceBundle.getBundleImpl(ResourceBundle.java:1558)
at java.base/java.util.ResourceBundle.getBundle(ResourceBundle.java:864)
at com.driverFactory.DriverClass.getdesireDriver(DriverClass.java:24)
at com.driverFactory.DriverClass.setUpDriver(DriverClass.java:67)
at com.Hooks.Hooks.setUp(Hooks.java:21)
]]>
    </error>
  </testcase> <!-- runScenario -->
  <testcase classname="com.TesRunner.TestNgTestRunner" name="runScenario" time="0.044">
    <error message="Can&#039;t find bundle for base name config, locale en_US" type="java.util.MissingResourceException">
      <![CDATA[java.util.MissingResourceException: Can't find bundle for base name config, locale en_US
at java.base/java.util.ResourceBundle.throwMissingResourceException(ResourceBundle.java:2062)
at java.base/java.util.ResourceBundle.getBundleImpl(ResourceBundle.java:1700)
at java.base/java.util.ResourceBundle.getBundleImpl(ResourceBundle.java:1603)
at java.base/java.util.ResourceBundle.getBundleImpl(ResourceBundle.java:1558)
at java.base/java.util.ResourceBundle.getBundle(ResourceBundle.java:864)
at com.driverFactory.DriverClass.getdesireDriver(DriverClass.java:24)
at com.driverFactory.DriverClass.setUpDriver(DriverClass.java:67)
at com.Hooks.Hooks.setUp(Hooks.java:21)
]]>
    </error>
  </testcase> <!-- runScenario -->
  <testcase classname="com.TesRunner.TestNgTestRunner" name="runScenario" time="0.043">
    <error message="Can&#039;t find bundle for base name config, locale en_US" type="java.util.MissingResourceException">
      <![CDATA[java.util.MissingResourceException: Can't find bundle for base name config, locale en_US
at java.base/java.util.ResourceBundle.throwMissingResourceException(ResourceBundle.java:2062)
at java.base/java.util.ResourceBundle.getBundleImpl(ResourceBundle.java:1700)
at java.base/java.util.ResourceBundle.getBundleImpl(ResourceBundle.java:1603)
at java.base/java.util.ResourceBundle.getBundleImpl(ResourceBundle.java:1558)
at java.base/java.util.ResourceBundle.getBundle(ResourceBundle.java:864)
at com.driverFactory.DriverClass.getdesireDriver(DriverClass.java:24)
at com.driverFactory.DriverClass.setUpDriver(DriverClass.java:67)
at com.Hooks.Hooks.setUp(Hooks.java:21)
]]>
    </error>
  </testcase> <!-- runScenario -->
  <testcase classname="com.TesRunner.TestNgTestRunner" name="runScenario" time="0.022">
    <error message="Can&#039;t find bundle for base name config, locale en_US" type="java.util.MissingResourceException">
      <![CDATA[java.util.MissingResourceException: Can't find bundle for base name config, locale en_US
at java.base/java.util.ResourceBundle.throwMissingResourceException(ResourceBundle.java:2062)
at java.base/java.util.ResourceBundle.getBundleImpl(ResourceBundle.java:1700)
at java.base/java.util.ResourceBundle.getBundleImpl(ResourceBundle.java:1603)
at java.base/java.util.ResourceBundle.getBundleImpl(ResourceBundle.java:1558)
at java.base/java.util.ResourceBundle.getBundle(ResourceBundle.java:864)
at com.driverFactory.DriverClass.getdesireDriver(DriverClass.java:24)
at com.driverFactory.DriverClass.setUpDriver(DriverClass.java:67)
at com.Hooks.Hooks.setUp(Hooks.java:21)
]]>
    </error>
  </testcase> <!-- runScenario -->
  <testcase classname="com.TesRunner.TestNgTestRunner" name="runScenario" time="0.013">
    <error message="Can&#039;t find bundle for base name config, locale en_US" type="java.util.MissingResourceException">
      <![CDATA[java.util.MissingResourceException: Can't find bundle for base name config, locale en_US
at java.base/java.util.ResourceBundle.throwMissingResourceException(ResourceBundle.java:2062)
at java.base/java.util.ResourceBundle.getBundleImpl(ResourceBundle.java:1700)
at java.base/java.util.ResourceBundle.getBundleImpl(ResourceBundle.java:1603)
at java.base/java.util.ResourceBundle.getBundleImpl(ResourceBundle.java:1558)
at java.base/java.util.ResourceBundle.getBundle(ResourceBundle.java:864)
at com.driverFactory.DriverClass.getdesireDriver(DriverClass.java:24)
at com.driverFactory.DriverClass.setUpDriver(DriverClass.java:67)
at com.Hooks.Hooks.setUp(Hooks.java:21)
]]>
    </error>
  </testcase> <!-- runScenario -->
  <testcase classname="com.TesRunner.TestNgTestRunner" name="runScenario" time="0.031">
    <error message="Can&#039;t find bundle for base name config, locale en_US" type="java.util.MissingResourceException">
      <![CDATA[java.util.MissingResourceException: Can't find bundle for base name config, locale en_US
at java.base/java.util.ResourceBundle.throwMissingResourceException(ResourceBundle.java:2062)
at java.base/java.util.ResourceBundle.getBundleImpl(ResourceBundle.java:1700)
at java.base/java.util.ResourceBundle.getBundleImpl(ResourceBundle.java:1603)
at java.base/java.util.ResourceBundle.getBundleImpl(ResourceBundle.java:1558)
at java.base/java.util.ResourceBundle.getBundle(ResourceBundle.java:864)
at com.driverFactory.DriverClass.getdesireDriver(DriverClass.java:24)
at com.driverFactory.DriverClass.setUpDriver(DriverClass.java:67)
at com.Hooks.Hooks.setUp(Hooks.java:21)
]]>
    </error>
  </testcase> <!-- runScenario -->
  <testcase classname="com.TesRunner.TestNgTestRunner" name="runScenario" time="0.021">
    <error message="Can&#039;t find bundle for base name config, locale en_US" type="java.util.MissingResourceException">
      <![CDATA[java.util.MissingResourceException: Can't find bundle for base name config, locale en_US
at java.base/java.util.ResourceBundle.throwMissingResourceException(ResourceBundle.java:2062)
at java.base/java.util.ResourceBundle.getBundleImpl(ResourceBundle.java:1700)
at java.base/java.util.ResourceBundle.getBundleImpl(ResourceBundle.java:1603)
at java.base/java.util.ResourceBundle.getBundleImpl(ResourceBundle.java:1558)
at java.base/java.util.ResourceBundle.getBundle(ResourceBundle.java:864)
at com.driverFactory.DriverClass.getdesireDriver(DriverClass.java:24)
at com.driverFactory.DriverClass.setUpDriver(DriverClass.java:67)
at com.Hooks.Hooks.setUp(Hooks.java:21)
]]>
    </error>
  </testcase> <!-- runScenario -->
  <testcase classname="com.TesRunner.TestNgTestRunner" name="runScenario" time="0.014">
    <error message="Can&#039;t find bundle for base name config, locale en_US" type="java.util.MissingResourceException">
      <![CDATA[java.util.MissingResourceException: Can't find bundle for base name config, locale en_US
at java.base/java.util.ResourceBundle.throwMissingResourceException(ResourceBundle.java:2062)
at java.base/java.util.ResourceBundle.getBundleImpl(ResourceBundle.java:1700)
at java.base/java.util.ResourceBundle.getBundleImpl(ResourceBundle.java:1603)
at java.base/java.util.ResourceBundle.getBundleImpl(ResourceBundle.java:1558)
at java.base/java.util.ResourceBundle.getBundle(ResourceBundle.java:864)
at com.driverFactory.DriverClass.getdesireDriver(DriverClass.java:24)
at com.driverFactory.DriverClass.setUpDriver(DriverClass.java:67)
at com.Hooks.Hooks.setUp(Hooks.java:21)
]]>
    </error>
  </testcase> <!-- runScenario -->
  <testcase classname="com.TesRunner.TestNgTestRunner" name="runScenario" time="0.024">
    <error message="Can&#039;t find bundle for base name config, locale en_US" type="java.util.MissingResourceException">
      <![CDATA[java.util.MissingResourceException: Can't find bundle for base name config, locale en_US
at java.base/java.util.ResourceBundle.throwMissingResourceException(ResourceBundle.java:2062)
at java.base/java.util.ResourceBundle.getBundleImpl(ResourceBundle.java:1700)
at java.base/java.util.ResourceBundle.getBundleImpl(ResourceBundle.java:1603)
at java.base/java.util.ResourceBundle.getBundleImpl(ResourceBundle.java:1558)
at java.base/java.util.ResourceBundle.getBundle(ResourceBundle.java:864)
at com.driverFactory.DriverClass.getdesireDriver(DriverClass.java:24)
at com.driverFactory.DriverClass.setUpDriver(DriverClass.java:67)
at com.Hooks.Hooks.setUp(Hooks.java:21)
]]>
    </error>
  </testcase> <!-- runScenario -->
  <testcase classname="com.TesRunner.TestNgTestRunner" name="runScenario" time="0.039">
    <error message="Can&#039;t find bundle for base name config, locale en_US" type="java.util.MissingResourceException">
      <![CDATA[java.util.MissingResourceException: Can't find bundle for base name config, locale en_US
at java.base/java.util.ResourceBundle.throwMissingResourceException(ResourceBundle.java:2062)
at java.base/java.util.ResourceBundle.getBundleImpl(ResourceBundle.java:1700)
at java.base/java.util.ResourceBundle.getBundleImpl(ResourceBundle.java:1603)
at java.base/java.util.ResourceBundle.getBundleImpl(ResourceBundle.java:1558)
at java.base/java.util.ResourceBundle.getBundle(ResourceBundle.java:864)
at com.driverFactory.DriverClass.getdesireDriver(DriverClass.java:24)
at com.driverFactory.DriverClass.setUpDriver(DriverClass.java:67)
at com.Hooks.Hooks.setUp(Hooks.java:21)
]]>
    </error>
  </testcase> <!-- runScenario -->
  <testcase classname="com.TesRunner.TestNgTestRunner" name="runScenario" time="0.014">
    <error message="Can&#039;t find bundle for base name config, locale en_US" type="java.util.MissingResourceException">
      <![CDATA[java.util.MissingResourceException: Can't find bundle for base name config, locale en_US
at java.base/java.util.ResourceBundle.throwMissingResourceException(ResourceBundle.java:2062)
at java.base/java.util.ResourceBundle.getBundleImpl(ResourceBundle.java:1700)
at java.base/java.util.ResourceBundle.getBundleImpl(ResourceBundle.java:1603)
at java.base/java.util.ResourceBundle.getBundleImpl(ResourceBundle.java:1558)
at java.base/java.util.ResourceBundle.getBundle(ResourceBundle.java:864)
at com.driverFactory.DriverClass.getdesireDriver(DriverClass.java:24)
at com.driverFactory.DriverClass.setUpDriver(DriverClass.java:67)
at com.Hooks.Hooks.setUp(Hooks.java:21)
]]>
    </error>
  </testcase> <!-- runScenario -->
  <testcase classname="com.TesRunner.TestNgTestRunner" name="runScenario" time="0.022">
    <error message="Can&#039;t find bundle for base name config, locale en_US" type="java.util.MissingResourceException">
      <![CDATA[java.util.MissingResourceException: Can't find bundle for base name config, locale en_US
at java.base/java.util.ResourceBundle.throwMissingResourceException(ResourceBundle.java:2062)
at java.base/java.util.ResourceBundle.getBundleImpl(ResourceBundle.java:1700)
at java.base/java.util.ResourceBundle.getBundleImpl(ResourceBundle.java:1603)
at java.base/java.util.ResourceBundle.getBundleImpl(ResourceBundle.java:1558)
at java.base/java.util.ResourceBundle.getBundle(ResourceBundle.java:864)
at com.driverFactory.DriverClass.getdesireDriver(DriverClass.java:24)
at com.driverFactory.DriverClass.setUpDriver(DriverClass.java:67)
at com.Hooks.Hooks.setUp(Hooks.java:21)
]]>
    </error>
  </testcase> <!-- runScenario -->
  <testcase classname="com.TesRunner.TestNgTestRunner" name="runScenario" time="0.013">
    <error message="Can&#039;t find bundle for base name config, locale en_US" type="java.util.MissingResourceException">
      <![CDATA[java.util.MissingResourceException: Can't find bundle for base name config, locale en_US
at java.base/java.util.ResourceBundle.throwMissingResourceException(ResourceBundle.java:2062)
at java.base/java.util.ResourceBundle.getBundleImpl(ResourceBundle.java:1700)
at java.base/java.util.ResourceBundle.getBundleImpl(ResourceBundle.java:1603)
at java.base/java.util.ResourceBundle.getBundleImpl(ResourceBundle.java:1558)
at java.base/java.util.ResourceBundle.getBundle(ResourceBundle.java:864)
at com.driverFactory.DriverClass.getdesireDriver(DriverClass.java:24)
at com.driverFactory.DriverClass.setUpDriver(DriverClass.java:67)
at com.Hooks.Hooks.setUp(Hooks.java:21)
]]>
    </error>
  </testcase> <!-- runScenario -->
  <testcase classname="com.TesRunner.TestNgTestRunner" name="runScenario" time="0.037">
    <error message="Can&#039;t find bundle for base name config, locale en_US" type="java.util.MissingResourceException">
      <![CDATA[java.util.MissingResourceException: Can't find bundle for base name config, locale en_US
at java.base/java.util.ResourceBundle.throwMissingResourceException(ResourceBundle.java:2062)
at java.base/java.util.ResourceBundle.getBundleImpl(ResourceBundle.java:1700)
at java.base/java.util.ResourceBundle.getBundleImpl(ResourceBundle.java:1603)
at java.base/java.util.ResourceBundle.getBundleImpl(ResourceBundle.java:1558)
at java.base/java.util.ResourceBundle.getBundle(ResourceBundle.java:864)
at com.driverFactory.DriverClass.getdesireDriver(DriverClass.java:24)
at com.driverFactory.DriverClass.setUpDriver(DriverClass.java:67)
at com.Hooks.Hooks.setUp(Hooks.java:21)
]]>
    </error>
  </testcase> <!-- runScenario -->
  <testcase classname="com.TesRunner.TestNgTestRunner" name="runScenario" time="0.016">
    <error message="Can&#039;t find bundle for base name config, locale en_US" type="java.util.MissingResourceException">
      <![CDATA[java.util.MissingResourceException: Can't find bundle for base name config, locale en_US
at java.base/java.util.ResourceBundle.throwMissingResourceException(ResourceBundle.java:2062)
at java.base/java.util.ResourceBundle.getBundleImpl(ResourceBundle.java:1700)
at java.base/java.util.ResourceBundle.getBundleImpl(ResourceBundle.java:1603)
at java.base/java.util.ResourceBundle.getBundleImpl(ResourceBundle.java:1558)
at java.base/java.util.ResourceBundle.getBundle(ResourceBundle.java:864)
at com.driverFactory.DriverClass.getdesireDriver(DriverClass.java:24)
at com.driverFactory.DriverClass.setUpDriver(DriverClass.java:67)
at com.Hooks.Hooks.setUp(Hooks.java:21)
]]>
    </error>
  </testcase> <!-- runScenario -->
  <testcase classname="com.TesRunner.TestNgTestRunner" name="runScenario" time="0.026">
    <error message="Can&#039;t find bundle for base name config, locale en_US" type="java.util.MissingResourceException">
      <![CDATA[java.util.MissingResourceException: Can't find bundle for base name config, locale en_US
at java.base/java.util.ResourceBundle.throwMissingResourceException(ResourceBundle.java:2062)
at java.base/java.util.ResourceBundle.getBundleImpl(ResourceBundle.java:1700)
at java.base/java.util.ResourceBundle.getBundleImpl(ResourceBundle.java:1603)
at java.base/java.util.ResourceBundle.getBundleImpl(ResourceBundle.java:1558)
at java.base/java.util.ResourceBundle.getBundle(ResourceBundle.java:864)
at com.driverFactory.DriverClass.getdesireDriver(DriverClass.java:24)
at com.driverFactory.DriverClass.setUpDriver(DriverClass.java:67)
at com.Hooks.Hooks.setUp(Hooks.java:21)
]]>
    </error>
  </testcase> <!-- runScenario -->
  <testcase classname="com.TesRunner.TestNgTestRunner" name="runScenario" time="0.014">
    <error message="Can&#039;t find bundle for base name config, locale en_US" type="java.util.MissingResourceException">
      <![CDATA[java.util.MissingResourceException: Can't find bundle for base name config, locale en_US
at java.base/java.util.ResourceBundle.throwMissingResourceException(ResourceBundle.java:2062)
at java.base/java.util.ResourceBundle.getBundleImpl(ResourceBundle.java:1700)
at java.base/java.util.ResourceBundle.getBundleImpl(ResourceBundle.java:1603)
at java.base/java.util.ResourceBundle.getBundleImpl(ResourceBundle.java:1558)
at java.base/java.util.ResourceBundle.getBundle(ResourceBundle.java:864)
at com.driverFactory.DriverClass.getdesireDriver(DriverClass.java:24)
at com.driverFactory.DriverClass.setUpDriver(DriverClass.java:67)
at com.Hooks.Hooks.setUp(Hooks.java:21)
]]>
    </error>
  </testcase> <!-- runScenario -->
  <testcase classname="com.TesRunner.TestNgTestRunner" name="runScenario" time="0.014">
    <error message="Can&#039;t find bundle for base name config, locale en_US" type="java.util.MissingResourceException">
      <![CDATA[java.util.MissingResourceException: Can't find bundle for base name config, locale en_US
at java.base/java.util.ResourceBundle.throwMissingResourceException(ResourceBundle.java:2062)
at java.base/java.util.ResourceBundle.getBundleImpl(ResourceBundle.java:1700)
at java.base/java.util.ResourceBundle.getBundleImpl(ResourceBundle.java:1603)
at java.base/java.util.ResourceBundle.getBundleImpl(ResourceBundle.java:1558)
at java.base/java.util.ResourceBundle.getBundle(ResourceBundle.java:864)
at com.driverFactory.DriverClass.getdesireDriver(DriverClass.java:24)
at com.driverFactory.DriverClass.setUpDriver(DriverClass.java:67)
at com.Hooks.Hooks.setUp(Hooks.java:21)
]]>
    </error>
  </testcase> <!-- runScenario -->
  <testcase classname="com.TesRunner.TestNgTestRunner" name="runScenario" time="0.021">
    <error message="Can&#039;t find bundle for base name config, locale en_US" type="java.util.MissingResourceException">
      <![CDATA[java.util.MissingResourceException: Can't find bundle for base name config, locale en_US
at java.base/java.util.ResourceBundle.throwMissingResourceException(ResourceBundle.java:2062)
at java.base/java.util.ResourceBundle.getBundleImpl(ResourceBundle.java:1700)
at java.base/java.util.ResourceBundle.getBundleImpl(ResourceBundle.java:1603)
at java.base/java.util.ResourceBundle.getBundleImpl(ResourceBundle.java:1558)
at java.base/java.util.ResourceBundle.getBundle(ResourceBundle.java:864)
at com.driverFactory.DriverClass.getdesireDriver(DriverClass.java:24)
at com.driverFactory.DriverClass.setUpDriver(DriverClass.java:67)
at com.Hooks.Hooks.setUp(Hooks.java:21)
]]>
    </error>
  </testcase> <!-- runScenario -->
  <testcase classname="com.TesRunner.TestNgTestRunner" name="runScenario" time="0.024">
    <error message="Can&#039;t find bundle for base name config, locale en_US" type="java.util.MissingResourceException">
      <![CDATA[java.util.MissingResourceException: Can't find bundle for base name config, locale en_US
at java.base/java.util.ResourceBundle.throwMissingResourceException(ResourceBundle.java:2062)
at java.base/java.util.ResourceBundle.getBundleImpl(ResourceBundle.java:1700)
at java.base/java.util.ResourceBundle.getBundleImpl(ResourceBundle.java:1603)
at java.base/java.util.ResourceBundle.getBundleImpl(ResourceBundle.java:1558)
at java.base/java.util.ResourceBundle.getBundle(ResourceBundle.java:864)
at com.driverFactory.DriverClass.getdesireDriver(DriverClass.java:24)
at com.driverFactory.DriverClass.setUpDriver(DriverClass.java:67)
at com.Hooks.Hooks.setUp(Hooks.java:21)
]]>
    </error>
  </testcase> <!-- runScenario -->
  <testcase classname="com.TesRunner.TestNgTestRunner" name="runScenario" time="0.013">
    <error message="Can&#039;t find bundle for base name config, locale en_US" type="java.util.MissingResourceException">
      <![CDATA[java.util.MissingResourceException: Can't find bundle for base name config, locale en_US
at java.base/java.util.ResourceBundle.throwMissingResourceException(ResourceBundle.java:2062)
at java.base/java.util.ResourceBundle.getBundleImpl(ResourceBundle.java:1700)
at java.base/java.util.ResourceBundle.getBundleImpl(ResourceBundle.java:1603)
at java.base/java.util.ResourceBundle.getBundleImpl(ResourceBundle.java:1558)
at java.base/java.util.ResourceBundle.getBundle(ResourceBundle.java:864)
at com.driverFactory.DriverClass.getdesireDriver(DriverClass.java:24)
at com.driverFactory.DriverClass.setUpDriver(DriverClass.java:67)
at com.Hooks.Hooks.setUp(Hooks.java:21)
]]>
    </error>
  </testcase> <!-- runScenario -->
  <testcase classname="com.TesRunner.TestNgTestRunner" name="runScenario" time="0.043">
    <error message="Can&#039;t find bundle for base name config, locale en_US" type="java.util.MissingResourceException">
      <![CDATA[java.util.MissingResourceException: Can't find bundle for base name config, locale en_US
at java.base/java.util.ResourceBundle.throwMissingResourceException(ResourceBundle.java:2062)
at java.base/java.util.ResourceBundle.getBundleImpl(ResourceBundle.java:1700)
at java.base/java.util.ResourceBundle.getBundleImpl(ResourceBundle.java:1603)
at java.base/java.util.ResourceBundle.getBundleImpl(ResourceBundle.java:1558)
at java.base/java.util.ResourceBundle.getBundle(ResourceBundle.java:864)
at com.driverFactory.DriverClass.getdesireDriver(DriverClass.java:24)
at com.driverFactory.DriverClass.setUpDriver(DriverClass.java:67)
at com.Hooks.Hooks.setUp(Hooks.java:21)
]]>
    </error>
  </testcase> <!-- runScenario -->
  <testcase classname="com.TesRunner.TestNgTestRunner" name="runScenario" time="0.015">
    <error message="Can&#039;t find bundle for base name config, locale en_US" type="java.util.MissingResourceException">
      <![CDATA[java.util.MissingResourceException: Can't find bundle for base name config, locale en_US
at java.base/java.util.ResourceBundle.throwMissingResourceException(ResourceBundle.java:2062)
at java.base/java.util.ResourceBundle.getBundleImpl(ResourceBundle.java:1700)
at java.base/java.util.ResourceBundle.getBundleImpl(ResourceBundle.java:1603)
at java.base/java.util.ResourceBundle.getBundleImpl(ResourceBundle.java:1558)
at java.base/java.util.ResourceBundle.getBundle(ResourceBundle.java:864)
at com.driverFactory.DriverClass.getdesireDriver(DriverClass.java:24)
at com.driverFactory.DriverClass.setUpDriver(DriverClass.java:67)
at com.Hooks.Hooks.setUp(Hooks.java:21)
]]>
    </error>
  </testcase> <!-- runScenario -->
  <testcase classname="com.TesRunner.TestNgTestRunner" name="runScenario" time="0.015">
    <error message="Can&#039;t find bundle for base name config, locale en_US" type="java.util.MissingResourceException">
      <![CDATA[java.util.MissingResourceException: Can't find bundle for base name config, locale en_US
at java.base/java.util.ResourceBundle.throwMissingResourceException(ResourceBundle.java:2062)
at java.base/java.util.ResourceBundle.getBundleImpl(ResourceBundle.java:1700)
at java.base/java.util.ResourceBundle.getBundleImpl(ResourceBundle.java:1603)
at java.base/java.util.ResourceBundle.getBundleImpl(ResourceBundle.java:1558)
at java.base/java.util.ResourceBundle.getBundle(ResourceBundle.java:864)
at com.driverFactory.DriverClass.getdesireDriver(DriverClass.java:24)
at com.driverFactory.DriverClass.setUpDriver(DriverClass.java:67)
at com.Hooks.Hooks.setUp(Hooks.java:21)
]]>
    </error>
  </testcase> <!-- runScenario -->
  <testcase classname="com.TesRunner.TestNgTestRunner" name="runScenario" time="0.021">
    <error message="Can&#039;t find bundle for base name config, locale en_US" type="java.util.MissingResourceException">
      <![CDATA[java.util.MissingResourceException: Can't find bundle for base name config, locale en_US
at java.base/java.util.ResourceBundle.throwMissingResourceException(ResourceBundle.java:2062)
at java.base/java.util.ResourceBundle.getBundleImpl(ResourceBundle.java:1700)
at java.base/java.util.ResourceBundle.getBundleImpl(ResourceBundle.java:1603)
at java.base/java.util.ResourceBundle.getBundleImpl(ResourceBundle.java:1558)
at java.base/java.util.ResourceBundle.getBundle(ResourceBundle.java:864)
at com.driverFactory.DriverClass.getdesireDriver(DriverClass.java:24)
at com.driverFactory.DriverClass.setUpDriver(DriverClass.java:67)
at com.Hooks.Hooks.setUp(Hooks.java:21)
]]>
    </error>
  </testcase> <!-- runScenario -->
  <testcase classname="com.TesRunner.TestNgTestRunner" name="runScenario" time="0.020">
    <error message="Can&#039;t find bundle for base name config, locale en_US" type="java.util.MissingResourceException">
      <![CDATA[java.util.MissingResourceException: Can't find bundle for base name config, locale en_US
at java.base/java.util.ResourceBundle.throwMissingResourceException(ResourceBundle.java:2062)
at java.base/java.util.ResourceBundle.getBundleImpl(ResourceBundle.java:1700)
at java.base/java.util.ResourceBundle.getBundleImpl(ResourceBundle.java:1603)
at java.base/java.util.ResourceBundle.getBundleImpl(ResourceBundle.java:1558)
at java.base/java.util.ResourceBundle.getBundle(ResourceBundle.java:864)
at com.driverFactory.DriverClass.getdesireDriver(DriverClass.java:24)
at com.driverFactory.DriverClass.setUpDriver(DriverClass.java:67)
at com.Hooks.Hooks.setUp(Hooks.java:21)
]]>
    </error>
  </testcase> <!-- runScenario -->
  <testcase classname="com.TesRunner.TestNgTestRunner" name="runScenario" time="0.031">
    <error message="Can&#039;t find bundle for base name config, locale en_US" type="java.util.MissingResourceException">
      <![CDATA[java.util.MissingResourceException: Can't find bundle for base name config, locale en_US
at java.base/java.util.ResourceBundle.throwMissingResourceException(ResourceBundle.java:2062)
at java.base/java.util.ResourceBundle.getBundleImpl(ResourceBundle.java:1700)
at java.base/java.util.ResourceBundle.getBundleImpl(ResourceBundle.java:1603)
at java.base/java.util.ResourceBundle.getBundleImpl(ResourceBundle.java:1558)
at java.base/java.util.ResourceBundle.getBundle(ResourceBundle.java:864)
at com.driverFactory.DriverClass.getdesireDriver(DriverClass.java:24)
at com.driverFactory.DriverClass.setUpDriver(DriverClass.java:67)
at com.Hooks.Hooks.setUp(Hooks.java:21)
]]>
    </error>
  </testcase> <!-- runScenario -->
  <testcase classname="com.TesRunner.TestNgTestRunner" name="runScenario" time="0.014">
    <error message="Can&#039;t find bundle for base name config, locale en_US" type="java.util.MissingResourceException">
      <![CDATA[java.util.MissingResourceException: Can't find bundle for base name config, locale en_US
at java.base/java.util.ResourceBundle.throwMissingResourceException(ResourceBundle.java:2062)
at java.base/java.util.ResourceBundle.getBundleImpl(ResourceBundle.java:1700)
at java.base/java.util.ResourceBundle.getBundleImpl(ResourceBundle.java:1603)
at java.base/java.util.ResourceBundle.getBundleImpl(ResourceBundle.java:1558)
at java.base/java.util.ResourceBundle.getBundle(ResourceBundle.java:864)
at com.driverFactory.DriverClass.getdesireDriver(DriverClass.java:24)
at com.driverFactory.DriverClass.setUpDriver(DriverClass.java:67)
at com.Hooks.Hooks.setUp(Hooks.java:21)
]]>
    </error>
  </testcase> <!-- runScenario -->
  <testcase classname="com.TesRunner.TestNgTestRunner" name="runScenario" time="0.015">
    <error message="Can&#039;t find bundle for base name config, locale en_US" type="java.util.MissingResourceException">
      <![CDATA[java.util.MissingResourceException: Can't find bundle for base name config, locale en_US
at java.base/java.util.ResourceBundle.throwMissingResourceException(ResourceBundle.java:2062)
at java.base/java.util.ResourceBundle.getBundleImpl(ResourceBundle.java:1700)
at java.base/java.util.ResourceBundle.getBundleImpl(ResourceBundle.java:1603)
at java.base/java.util.ResourceBundle.getBundleImpl(ResourceBundle.java:1558)
at java.base/java.util.ResourceBundle.getBundle(ResourceBundle.java:864)
at com.driverFactory.DriverClass.getdesireDriver(DriverClass.java:24)
at com.driverFactory.DriverClass.setUpDriver(DriverClass.java:67)
at com.Hooks.Hooks.setUp(Hooks.java:21)
]]>
    </error>
  </testcase> <!-- runScenario -->
  <testcase classname="com.TesRunner.TestNgTestRunner" name="runScenario" time="0.016">
    <error message="Can&#039;t find bundle for base name config, locale en_US" type="java.util.MissingResourceException">
      <![CDATA[java.util.MissingResourceException: Can't find bundle for base name config, locale en_US
at java.base/java.util.ResourceBundle.throwMissingResourceException(ResourceBundle.java:2062)
at java.base/java.util.ResourceBundle.getBundleImpl(ResourceBundle.java:1700)
at java.base/java.util.ResourceBundle.getBundleImpl(ResourceBundle.java:1603)
at java.base/java.util.ResourceBundle.getBundleImpl(ResourceBundle.java:1558)
at java.base/java.util.ResourceBundle.getBundle(ResourceBundle.java:864)
at com.driverFactory.DriverClass.getdesireDriver(DriverClass.java:24)
at com.driverFactory.DriverClass.setUpDriver(DriverClass.java:67)
at com.Hooks.Hooks.setUp(Hooks.java:21)
]]>
    </error>
  </testcase> <!-- runScenario -->
  <testcase classname="com.TesRunner.TestNgTestRunner" name="runScenario" time="0.012">
    <error message="Can&#039;t find bundle for base name config, locale en_US" type="java.util.MissingResourceException">
      <![CDATA[java.util.MissingResourceException: Can't find bundle for base name config, locale en_US
at java.base/java.util.ResourceBundle.throwMissingResourceException(ResourceBundle.java:2062)
at java.base/java.util.ResourceBundle.getBundleImpl(ResourceBundle.java:1700)
at java.base/java.util.ResourceBundle.getBundleImpl(ResourceBundle.java:1603)
at java.base/java.util.ResourceBundle.getBundleImpl(ResourceBundle.java:1558)
at java.base/java.util.ResourceBundle.getBundle(ResourceBundle.java:864)
at com.driverFactory.DriverClass.getdesireDriver(DriverClass.java:24)
at com.driverFactory.DriverClass.setUpDriver(DriverClass.java:67)
at com.Hooks.Hooks.setUp(Hooks.java:21)
]]>
    </error>
  </testcase> <!-- runScenario -->
  <testcase classname="com.TesRunner.TestNgTestRunner" name="runScenario" time="0.081">
    <error message="Can&#039;t find bundle for base name config, locale en_US" type="java.util.MissingResourceException">
      <![CDATA[java.util.MissingResourceException: Can't find bundle for base name config, locale en_US
at java.base/java.util.ResourceBundle.throwMissingResourceException(ResourceBundle.java:2062)
at java.base/java.util.ResourceBundle.getBundleImpl(ResourceBundle.java:1700)
at java.base/java.util.ResourceBundle.getBundleImpl(ResourceBundle.java:1603)
at java.base/java.util.ResourceBundle.getBundleImpl(ResourceBundle.java:1558)
at java.base/java.util.ResourceBundle.getBundle(ResourceBundle.java:864)
at com.driverFactory.DriverClass.getdesireDriver(DriverClass.java:24)
at com.driverFactory.DriverClass.setUpDriver(DriverClass.java:67)
at com.Hooks.Hooks.setUp(Hooks.java:21)
]]>
    </error>
  </testcase> <!-- runScenario -->
  <testcase classname="com.TesRunner.TestNgTestRunner" name="runScenario" time="0.020">
    <error message="Can&#039;t find bundle for base name config, locale en_US" type="java.util.MissingResourceException">
      <![CDATA[java.util.MissingResourceException: Can't find bundle for base name config, locale en_US
at java.base/java.util.ResourceBundle.throwMissingResourceException(ResourceBundle.java:2062)
at java.base/java.util.ResourceBundle.getBundleImpl(ResourceBundle.java:1700)
at java.base/java.util.ResourceBundle.getBundleImpl(ResourceBundle.java:1603)
at java.base/java.util.ResourceBundle.getBundleImpl(ResourceBundle.java:1558)
at java.base/java.util.ResourceBundle.getBundle(ResourceBundle.java:864)
at com.driverFactory.DriverClass.getdesireDriver(DriverClass.java:24)
at com.driverFactory.DriverClass.setUpDriver(DriverClass.java:67)
at com.Hooks.Hooks.setUp(Hooks.java:21)
]]>
    </error>
  </testcase> <!-- runScenario -->
  <testcase classname="com.TesRunner.TestNgTestRunner" name="runScenario" time="0.034">
    <error message="Can&#039;t find bundle for base name config, locale en_US" type="java.util.MissingResourceException">
      <![CDATA[java.util.MissingResourceException: Can't find bundle for base name config, locale en_US
at java.base/java.util.ResourceBundle.throwMissingResourceException(ResourceBundle.java:2062)
at java.base/java.util.ResourceBundle.getBundleImpl(ResourceBundle.java:1700)
at java.base/java.util.ResourceBundle.getBundleImpl(ResourceBundle.java:1603)
at java.base/java.util.ResourceBundle.getBundleImpl(ResourceBundle.java:1558)
at java.base/java.util.ResourceBundle.getBundle(ResourceBundle.java:864)
at com.driverFactory.DriverClass.getdesireDriver(DriverClass.java:24)
at com.driverFactory.DriverClass.setUpDriver(DriverClass.java:67)
at com.Hooks.Hooks.setUp(Hooks.java:21)
]]>
    </error>
  </testcase> <!-- runScenario -->
  <testcase classname="com.TesRunner.TestNgTestRunner" name="runScenario" time="0.023">
    <error message="Can&#039;t find bundle for base name config, locale en_US" type="java.util.MissingResourceException">
      <![CDATA[java.util.MissingResourceException: Can't find bundle for base name config, locale en_US
at java.base/java.util.ResourceBundle.throwMissingResourceException(ResourceBundle.java:2062)
at java.base/java.util.ResourceBundle.getBundleImpl(ResourceBundle.java:1700)
at java.base/java.util.ResourceBundle.getBundleImpl(ResourceBundle.java:1603)
at java.base/java.util.ResourceBundle.getBundleImpl(ResourceBundle.java:1558)
at java.base/java.util.ResourceBundle.getBundle(ResourceBundle.java:864)
at com.driverFactory.DriverClass.getdesireDriver(DriverClass.java:24)
at com.driverFactory.DriverClass.setUpDriver(DriverClass.java:67)
at com.Hooks.Hooks.setUp(Hooks.java:21)
]]>
    </error>
  </testcase> <!-- runScenario -->
  <testcase classname="com.TesRunner.TestNgTestRunner" name="runScenario" time="0.014">
    <error message="Can&#039;t find bundle for base name config, locale en_US" type="java.util.MissingResourceException">
      <![CDATA[java.util.MissingResourceException: Can't find bundle for base name config, locale en_US
at java.base/java.util.ResourceBundle.throwMissingResourceException(ResourceBundle.java:2062)
at java.base/java.util.ResourceBundle.getBundleImpl(ResourceBundle.java:1700)
at java.base/java.util.ResourceBundle.getBundleImpl(ResourceBundle.java:1603)
at java.base/java.util.ResourceBundle.getBundleImpl(ResourceBundle.java:1558)
at java.base/java.util.ResourceBundle.getBundle(ResourceBundle.java:864)
at com.driverFactory.DriverClass.getdesireDriver(DriverClass.java:24)
at com.driverFactory.DriverClass.setUpDriver(DriverClass.java:67)
at com.Hooks.Hooks.setUp(Hooks.java:21)
]]>
    </error>
  </testcase> <!-- runScenario -->
  <testcase classname="com.TesRunner.TestNgTestRunner" name="runScenario" time="0.018">
    <error message="Can&#039;t find bundle for base name config, locale en_US" type="java.util.MissingResourceException">
      <![CDATA[java.util.MissingResourceException: Can't find bundle for base name config, locale en_US
at java.base/java.util.ResourceBundle.throwMissingResourceException(ResourceBundle.java:2062)
at java.base/java.util.ResourceBundle.getBundleImpl(ResourceBundle.java:1700)
at java.base/java.util.ResourceBundle.getBundleImpl(ResourceBundle.java:1603)
at java.base/java.util.ResourceBundle.getBundleImpl(ResourceBundle.java:1558)
at java.base/java.util.ResourceBundle.getBundle(ResourceBundle.java:864)
at com.driverFactory.DriverClass.getdesireDriver(DriverClass.java:24)
at com.driverFactory.DriverClass.setUpDriver(DriverClass.java:67)
at com.Hooks.Hooks.setUp(Hooks.java:21)
]]>
    </error>
  </testcase> <!-- runScenario -->
  <testcase classname="com.TesRunner.TestNgTestRunner" name="runScenario" time="0.017">
    <error message="Can&#039;t find bundle for base name config, locale en_US" type="java.util.MissingResourceException">
      <![CDATA[java.util.MissingResourceException: Can't find bundle for base name config, locale en_US
at java.base/java.util.ResourceBundle.throwMissingResourceException(ResourceBundle.java:2062)
at java.base/java.util.ResourceBundle.getBundleImpl(ResourceBundle.java:1700)
at java.base/java.util.ResourceBundle.getBundleImpl(ResourceBundle.java:1603)
at java.base/java.util.ResourceBundle.getBundleImpl(ResourceBundle.java:1558)
at java.base/java.util.ResourceBundle.getBundle(ResourceBundle.java:864)
at com.driverFactory.DriverClass.getdesireDriver(DriverClass.java:24)
at com.driverFactory.DriverClass.setUpDriver(DriverClass.java:67)
at com.Hooks.Hooks.setUp(Hooks.java:21)
]]>
    </error>
  </testcase> <!-- runScenario -->
  <testcase classname="com.TesRunner.TestNgTestRunner" name="runScenario" time="0.017">
    <error message="Can&#039;t find bundle for base name config, locale en_US" type="java.util.MissingResourceException">
      <![CDATA[java.util.MissingResourceException: Can't find bundle for base name config, locale en_US
at java.base/java.util.ResourceBundle.throwMissingResourceException(ResourceBundle.java:2062)
at java.base/java.util.ResourceBundle.getBundleImpl(ResourceBundle.java:1700)
at java.base/java.util.ResourceBundle.getBundleImpl(ResourceBundle.java:1603)
at java.base/java.util.ResourceBundle.getBundleImpl(ResourceBundle.java:1558)
at java.base/java.util.ResourceBundle.getBundle(ResourceBundle.java:864)
at com.driverFactory.DriverClass.getdesireDriver(DriverClass.java:24)
at com.driverFactory.DriverClass.setUpDriver(DriverClass.java:67)
at com.Hooks.Hooks.setUp(Hooks.java:21)
]]>
    </error>
  </testcase> <!-- runScenario -->
  <testcase classname="com.TesRunner.TestNgTestRunner" name="runScenario" time="0.019">
    <error message="Can&#039;t find bundle for base name config, locale en_US" type="java.util.MissingResourceException">
      <![CDATA[java.util.MissingResourceException: Can't find bundle for base name config, locale en_US
at java.base/java.util.ResourceBundle.throwMissingResourceException(ResourceBundle.java:2062)
at java.base/java.util.ResourceBundle.getBundleImpl(ResourceBundle.java:1700)
at java.base/java.util.ResourceBundle.getBundleImpl(ResourceBundle.java:1603)
at java.base/java.util.ResourceBundle.getBundleImpl(ResourceBundle.java:1558)
at java.base/java.util.ResourceBundle.getBundle(ResourceBundle.java:864)
at com.driverFactory.DriverClass.getdesireDriver(DriverClass.java:24)
at com.driverFactory.DriverClass.setUpDriver(DriverClass.java:67)
at com.Hooks.Hooks.setUp(Hooks.java:21)
]]>
    </error>
  </testcase> <!-- runScenario -->
  <testcase classname="com.TesRunner.TestNgTestRunner" name="runScenario" time="0.016">
    <error message="Can&#039;t find bundle for base name config, locale en_US" type="java.util.MissingResourceException">
      <![CDATA[java.util.MissingResourceException: Can't find bundle for base name config, locale en_US
at java.base/java.util.ResourceBundle.throwMissingResourceException(ResourceBundle.java:2062)
at java.base/java.util.ResourceBundle.getBundleImpl(ResourceBundle.java:1700)
at java.base/java.util.ResourceBundle.getBundleImpl(ResourceBundle.java:1603)
at java.base/java.util.ResourceBundle.getBundleImpl(ResourceBundle.java:1558)
at java.base/java.util.ResourceBundle.getBundle(ResourceBundle.java:864)
at com.driverFactory.DriverClass.getdesireDriver(DriverClass.java:24)
at com.driverFactory.DriverClass.setUpDriver(DriverClass.java:67)
at com.Hooks.Hooks.setUp(Hooks.java:21)
]]>
    </error>
  </testcase> <!-- runScenario -->
  <testcase classname="com.TesRunner.TestNgTestRunner" name="runScenario" time="0.021">
    <error message="Can&#039;t find bundle for base name config, locale en_US" type="java.util.MissingResourceException">
      <![CDATA[java.util.MissingResourceException: Can't find bundle for base name config, locale en_US
at java.base/java.util.ResourceBundle.throwMissingResourceException(ResourceBundle.java:2062)
at java.base/java.util.ResourceBundle.getBundleImpl(ResourceBundle.java:1700)
at java.base/java.util.ResourceBundle.getBundleImpl(ResourceBundle.java:1603)
at java.base/java.util.ResourceBundle.getBundleImpl(ResourceBundle.java:1558)
at java.base/java.util.ResourceBundle.getBundle(ResourceBundle.java:864)
at com.driverFactory.DriverClass.getdesireDriver(DriverClass.java:24)
at com.driverFactory.DriverClass.setUpDriver(DriverClass.java:67)
at com.Hooks.Hooks.setUp(Hooks.java:21)
]]>
    </error>
  </testcase> <!-- runScenario -->
  <testcase classname="com.TesRunner.TestNgTestRunner" name="runScenario" time="0.011">
    <error message="Can&#039;t find bundle for base name config, locale en_US" type="java.util.MissingResourceException">
      <![CDATA[java.util.MissingResourceException: Can't find bundle for base name config, locale en_US
at java.base/java.util.ResourceBundle.throwMissingResourceException(ResourceBundle.java:2062)
at java.base/java.util.ResourceBundle.getBundleImpl(ResourceBundle.java:1700)
at java.base/java.util.ResourceBundle.getBundleImpl(ResourceBundle.java:1603)
at java.base/java.util.ResourceBundle.getBundleImpl(ResourceBundle.java:1558)
at java.base/java.util.ResourceBundle.getBundle(ResourceBundle.java:864)
at com.driverFactory.DriverClass.getdesireDriver(DriverClass.java:24)
at com.driverFactory.DriverClass.setUpDriver(DriverClass.java:67)
at com.Hooks.Hooks.setUp(Hooks.java:21)
]]>
    </error>
  </testcase> <!-- runScenario -->
  <testcase classname="com.TesRunner.TestNgTestRunner" name="runScenario" time="0.050">
    <error message="Can&#039;t find bundle for base name config, locale en_US" type="java.util.MissingResourceException">
      <![CDATA[java.util.MissingResourceException: Can't find bundle for base name config, locale en_US
at java.base/java.util.ResourceBundle.throwMissingResourceException(ResourceBundle.java:2062)
at java.base/java.util.ResourceBundle.getBundleImpl(ResourceBundle.java:1700)
at java.base/java.util.ResourceBundle.getBundleImpl(ResourceBundle.java:1603)
at java.base/java.util.ResourceBundle.getBundleImpl(ResourceBundle.java:1558)
at java.base/java.util.ResourceBundle.getBundle(ResourceBundle.java:864)
at com.driverFactory.DriverClass.getdesireDriver(DriverClass.java:24)
at com.driverFactory.DriverClass.setUpDriver(DriverClass.java:67)
at com.Hooks.Hooks.setUp(Hooks.java:21)
]]>
    </error>
  </testcase> <!-- runScenario -->
  <testcase classname="com.TesRunner.TestNgTestRunner" name="runScenario" time="0.024">
    <error message="Can&#039;t find bundle for base name config, locale en_US" type="java.util.MissingResourceException">
      <![CDATA[java.util.MissingResourceException: Can't find bundle for base name config, locale en_US
at java.base/java.util.ResourceBundle.throwMissingResourceException(ResourceBundle.java:2062)
at java.base/java.util.ResourceBundle.getBundleImpl(ResourceBundle.java:1700)
at java.base/java.util.ResourceBundle.getBundleImpl(ResourceBundle.java:1603)
at java.base/java.util.ResourceBundle.getBundleImpl(ResourceBundle.java:1558)
at java.base/java.util.ResourceBundle.getBundle(ResourceBundle.java:864)
at com.driverFactory.DriverClass.getdesireDriver(DriverClass.java:24)
at com.driverFactory.DriverClass.setUpDriver(DriverClass.java:67)
at com.Hooks.Hooks.setUp(Hooks.java:21)
]]>
    </error>
  </testcase> <!-- runScenario -->
  <testcase classname="com.TesRunner.TestNgTestRunner" name="runScenario" time="0.026">
    <error message="Can&#039;t find bundle for base name config, locale en_US" type="java.util.MissingResourceException">
      <![CDATA[java.util.MissingResourceException: Can't find bundle for base name config, locale en_US
at java.base/java.util.ResourceBundle.throwMissingResourceException(ResourceBundle.java:2062)
at java.base/java.util.ResourceBundle.getBundleImpl(ResourceBundle.java:1700)
at java.base/java.util.ResourceBundle.getBundleImpl(ResourceBundle.java:1603)
at java.base/java.util.ResourceBundle.getBundleImpl(ResourceBundle.java:1558)
at java.base/java.util.ResourceBundle.getBundle(ResourceBundle.java:864)
at com.driverFactory.DriverClass.getdesireDriver(DriverClass.java:24)
at com.driverFactory.DriverClass.setUpDriver(DriverClass.java:67)
at com.Hooks.Hooks.setUp(Hooks.java:21)
]]>
    </error>
  </testcase> <!-- runScenario -->
  <testcase classname="com.TesRunner.TestNgTestRunner" name="runScenario" time="0.017">
    <error message="Can&#039;t find bundle for base name config, locale en_US" type="java.util.MissingResourceException">
      <![CDATA[java.util.MissingResourceException: Can't find bundle for base name config, locale en_US
at java.base/java.util.ResourceBundle.throwMissingResourceException(ResourceBundle.java:2062)
at java.base/java.util.ResourceBundle.getBundleImpl(ResourceBundle.java:1700)
at java.base/java.util.ResourceBundle.getBundleImpl(ResourceBundle.java:1603)
at java.base/java.util.ResourceBundle.getBundleImpl(ResourceBundle.java:1558)
at java.base/java.util.ResourceBundle.getBundle(ResourceBundle.java:864)
at com.driverFactory.DriverClass.getdesireDriver(DriverClass.java:24)
at com.driverFactory.DriverClass.setUpDriver(DriverClass.java:67)
at com.Hooks.Hooks.setUp(Hooks.java:21)
]]>
    </error>
  </testcase> <!-- runScenario -->
  <testcase classname="com.TesRunner.TestNgTestRunner" name="runScenario" time="0.028">
    <error message="Can&#039;t find bundle for base name config, locale en_US" type="java.util.MissingResourceException">
      <![CDATA[java.util.MissingResourceException: Can't find bundle for base name config, locale en_US
at java.base/java.util.ResourceBundle.throwMissingResourceException(ResourceBundle.java:2062)
at java.base/java.util.ResourceBundle.getBundleImpl(ResourceBundle.java:1700)
at java.base/java.util.ResourceBundle.getBundleImpl(ResourceBundle.java:1603)
at java.base/java.util.ResourceBundle.getBundleImpl(ResourceBundle.java:1558)
at java.base/java.util.ResourceBundle.getBundle(ResourceBundle.java:864)
at com.driverFactory.DriverClass.getdesireDriver(DriverClass.java:24)
at com.driverFactory.DriverClass.setUpDriver(DriverClass.java:67)
at com.Hooks.Hooks.setUp(Hooks.java:21)
]]>
    </error>
  </testcase> <!-- runScenario -->
  <testcase classname="com.TesRunner.TestNgTestRunner" name="runScenario" time="0.014">
    <error message="Can&#039;t find bundle for base name config, locale en_US" type="java.util.MissingResourceException">
      <![CDATA[java.util.MissingResourceException: Can't find bundle for base name config, locale en_US
at java.base/java.util.ResourceBundle.throwMissingResourceException(ResourceBundle.java:2062)
at java.base/java.util.ResourceBundle.getBundleImpl(ResourceBundle.java:1700)
at java.base/java.util.ResourceBundle.getBundleImpl(ResourceBundle.java:1603)
at java.base/java.util.ResourceBundle.getBundleImpl(ResourceBundle.java:1558)
at java.base/java.util.ResourceBundle.getBundle(ResourceBundle.java:864)
at com.driverFactory.DriverClass.getdesireDriver(DriverClass.java:24)
at com.driverFactory.DriverClass.setUpDriver(DriverClass.java:67)
at com.Hooks.Hooks.setUp(Hooks.java:21)
]]>
    </error>
  </testcase> <!-- runScenario -->
  <testcase classname="com.TesRunner.TestNgTestRunner" name="runScenario" time="0.020">
    <error message="Can&#039;t find bundle for base name config, locale en_US" type="java.util.MissingResourceException">
      <![CDATA[java.util.MissingResourceException: Can't find bundle for base name config, locale en_US
at java.base/java.util.ResourceBundle.throwMissingResourceException(ResourceBundle.java:2062)
at java.base/java.util.ResourceBundle.getBundleImpl(ResourceBundle.java:1700)
at java.base/java.util.ResourceBundle.getBundleImpl(ResourceBundle.java:1603)
at java.base/java.util.ResourceBundle.getBundleImpl(ResourceBundle.java:1558)
at java.base/java.util.ResourceBundle.getBundle(ResourceBundle.java:864)
at com.driverFactory.DriverClass.getdesireDriver(DriverClass.java:24)
at com.driverFactory.DriverClass.setUpDriver(DriverClass.java:67)
at com.Hooks.Hooks.setUp(Hooks.java:21)
]]>
    </error>
  </testcase> <!-- runScenario -->
  <testcase classname="com.TesRunner.TestNgTestRunner" name="runScenario" time="1.473">
    <error message="Can&#039;t find bundle for base name config, locale en_US" type="java.util.MissingResourceException">
      <![CDATA[java.util.MissingResourceException: Can't find bundle for base name config, locale en_US
at java.base/java.util.ResourceBundle.throwMissingResourceException(ResourceBundle.java:2062)
at java.base/java.util.ResourceBundle.getBundleImpl(ResourceBundle.java:1700)
at java.base/java.util.ResourceBundle.getBundleImpl(ResourceBundle.java:1603)
at java.base/java.util.ResourceBundle.getBundleImpl(ResourceBundle.java:1558)
at java.base/java.util.ResourceBundle.getBundle(ResourceBundle.java:864)
at com.driverFactory.DriverClass.getdesireDriver(DriverClass.java:24)
at com.driverFactory.DriverClass.setUpDriver(DriverClass.java:67)
at com.Hooks.Hooks.setUp(Hooks.java:21)
]]>
    </error>
  </testcase> <!-- runScenario -->
  <testcase classname="com.TesRunner.TestNgTestRunner" name="runScenario" time="0.035">
    <error message="Can&#039;t find bundle for base name config, locale en_US" type="java.util.MissingResourceException">
      <![CDATA[java.util.MissingResourceException: Can't find bundle for base name config, locale en_US
at java.base/java.util.ResourceBundle.throwMissingResourceException(ResourceBundle.java:2062)
at java.base/java.util.ResourceBundle.getBundleImpl(ResourceBundle.java:1700)
at java.base/java.util.ResourceBundle.getBundleImpl(ResourceBundle.java:1603)
at java.base/java.util.ResourceBundle.getBundleImpl(ResourceBundle.java:1558)
at java.base/java.util.ResourceBundle.getBundle(ResourceBundle.java:864)
at com.driverFactory.DriverClass.getdesireDriver(DriverClass.java:24)
at com.driverFactory.DriverClass.setUpDriver(DriverClass.java:67)
at com.Hooks.Hooks.setUp(Hooks.java:21)
]]>
    </error>
  </testcase> <!-- runScenario -->
  <testcase classname="com.TesRunner.TestNgTestRunner" name="runScenario" time="0.018">
    <error message="Can&#039;t find bundle for base name config, locale en_US" type="java.util.MissingResourceException">
      <![CDATA[java.util.MissingResourceException: Can't find bundle for base name config, locale en_US
at java.base/java.util.ResourceBundle.throwMissingResourceException(ResourceBundle.java:2062)
at java.base/java.util.ResourceBundle.getBundleImpl(ResourceBundle.java:1700)
at java.base/java.util.ResourceBundle.getBundleImpl(ResourceBundle.java:1603)
at java.base/java.util.ResourceBundle.getBundleImpl(ResourceBundle.java:1558)
at java.base/java.util.ResourceBundle.getBundle(ResourceBundle.java:864)
at com.driverFactory.DriverClass.getdesireDriver(DriverClass.java:24)
at com.driverFactory.DriverClass.setUpDriver(DriverClass.java:67)
at com.Hooks.Hooks.setUp(Hooks.java:21)
]]>
    </error>
  </testcase> <!-- runScenario -->
  <testcase classname="com.TesRunner.TestNgTestRunner" name="runScenario" time="0.033">
    <error message="Can&#039;t find bundle for base name config, locale en_US" type="java.util.MissingResourceException">
      <![CDATA[java.util.MissingResourceException: Can't find bundle for base name config, locale en_US
at java.base/java.util.ResourceBundle.throwMissingResourceException(ResourceBundle.java:2062)
at java.base/java.util.ResourceBundle.getBundleImpl(ResourceBundle.java:1700)
at java.base/java.util.ResourceBundle.getBundleImpl(ResourceBundle.java:1603)
at java.base/java.util.ResourceBundle.getBundleImpl(ResourceBundle.java:1558)
at java.base/java.util.ResourceBundle.getBundle(ResourceBundle.java:864)
at com.driverFactory.DriverClass.getdesireDriver(DriverClass.java:24)
at com.driverFactory.DriverClass.setUpDriver(DriverClass.java:67)
at com.Hooks.Hooks.setUp(Hooks.java:21)
]]>
    </error>
  </testcase> <!-- runScenario -->
  <testcase classname="com.TesRunner.TestNgTestRunner" name="runScenario" time="0.018">
    <error message="Can&#039;t find bundle for base name config, locale en_US" type="java.util.MissingResourceException">
      <![CDATA[java.util.MissingResourceException: Can't find bundle for base name config, locale en_US
at java.base/java.util.ResourceBundle.throwMissingResourceException(ResourceBundle.java:2062)
at java.base/java.util.ResourceBundle.getBundleImpl(ResourceBundle.java:1700)
at java.base/java.util.ResourceBundle.getBundleImpl(ResourceBundle.java:1603)
at java.base/java.util.ResourceBundle.getBundleImpl(ResourceBundle.java:1558)
at java.base/java.util.ResourceBundle.getBundle(ResourceBundle.java:864)
at com.driverFactory.DriverClass.getdesireDriver(DriverClass.java:24)
at com.driverFactory.DriverClass.setUpDriver(DriverClass.java:67)
at com.Hooks.Hooks.setUp(Hooks.java:21)
]]>
    </error>
  </testcase> <!-- runScenario -->
  <testcase classname="com.TesRunner.TestNgTestRunner" name="runScenario" time="0.053">
    <error message="Can&#039;t find bundle for base name config, locale en_US" type="java.util.MissingResourceException">
      <![CDATA[java.util.MissingResourceException: Can't find bundle for base name config, locale en_US
at java.base/java.util.ResourceBundle.throwMissingResourceException(ResourceBundle.java:2062)
at java.base/java.util.ResourceBundle.getBundleImpl(ResourceBundle.java:1700)
at java.base/java.util.ResourceBundle.getBundleImpl(ResourceBundle.java:1603)
at java.base/java.util.ResourceBundle.getBundleImpl(ResourceBundle.java:1558)
at java.base/java.util.ResourceBundle.getBundle(ResourceBundle.java:864)
at com.driverFactory.DriverClass.getdesireDriver(DriverClass.java:24)
at com.driverFactory.DriverClass.setUpDriver(DriverClass.java:67)
at com.Hooks.Hooks.setUp(Hooks.java:21)
]]>
    </error>
  </testcase> <!-- runScenario -->
  <testcase classname="com.TesRunner.TestNgTestRunner" name="runScenario" time="0.017">
    <error message="Can&#039;t find bundle for base name config, locale en_US" type="java.util.MissingResourceException">
      <![CDATA[java.util.MissingResourceException: Can't find bundle for base name config, locale en_US
at java.base/java.util.ResourceBundle.throwMissingResourceException(ResourceBundle.java:2062)
at java.base/java.util.ResourceBundle.getBundleImpl(ResourceBundle.java:1700)
at java.base/java.util.ResourceBundle.getBundleImpl(ResourceBundle.java:1603)
at java.base/java.util.ResourceBundle.getBundleImpl(ResourceBundle.java:1558)
at java.base/java.util.ResourceBundle.getBundle(ResourceBundle.java:864)
at com.driverFactory.DriverClass.getdesireDriver(DriverClass.java:24)
at com.driverFactory.DriverClass.setUpDriver(DriverClass.java:67)
at com.Hooks.Hooks.setUp(Hooks.java:21)
]]>
    </error>
  </testcase> <!-- runScenario -->
  <testcase classname="com.TesRunner.TestNgTestRunner" name="runScenario" time="0.016">
    <error message="Can&#039;t find bundle for base name config, locale en_US" type="java.util.MissingResourceException">
      <![CDATA[java.util.MissingResourceException: Can't find bundle for base name config, locale en_US
at java.base/java.util.ResourceBundle.throwMissingResourceException(ResourceBundle.java:2062)
at java.base/java.util.ResourceBundle.getBundleImpl(ResourceBundle.java:1700)
at java.base/java.util.ResourceBundle.getBundleImpl(ResourceBundle.java:1603)
at java.base/java.util.ResourceBundle.getBundleImpl(ResourceBundle.java:1558)
at java.base/java.util.ResourceBundle.getBundle(ResourceBundle.java:864)
at com.driverFactory.DriverClass.getdesireDriver(DriverClass.java:24)
at com.driverFactory.DriverClass.setUpDriver(DriverClass.java:67)
at com.Hooks.Hooks.setUp(Hooks.java:21)
]]>
    </error>
  </testcase> <!-- runScenario -->
  <testcase classname="com.TesRunner.TestNgTestRunner" name="runScenario" time="0.013">
    <error message="Can&#039;t find bundle for base name config, locale en_US" type="java.util.MissingResourceException">
      <![CDATA[java.util.MissingResourceException: Can't find bundle for base name config, locale en_US
at java.base/java.util.ResourceBundle.throwMissingResourceException(ResourceBundle.java:2062)
at java.base/java.util.ResourceBundle.getBundleImpl(ResourceBundle.java:1700)
at java.base/java.util.ResourceBundle.getBundleImpl(ResourceBundle.java:1603)
at java.base/java.util.ResourceBundle.getBundleImpl(ResourceBundle.java:1558)
at java.base/java.util.ResourceBundle.getBundle(ResourceBundle.java:864)
at com.driverFactory.DriverClass.getdesireDriver(DriverClass.java:24)
at com.driverFactory.DriverClass.setUpDriver(DriverClass.java:67)
at com.Hooks.Hooks.setUp(Hooks.java:21)
]]>
    </error>
  </testcase> <!-- runScenario -->
  <testcase classname="com.TesRunner.TestNgTestRunner" name="runScenario" time="0.013">
    <error message="Can&#039;t find bundle for base name config, locale en_US" type="java.util.MissingResourceException">
      <![CDATA[java.util.MissingResourceException: Can't find bundle for base name config, locale en_US
at java.base/java.util.ResourceBundle.throwMissingResourceException(ResourceBundle.java:2062)
at java.base/java.util.ResourceBundle.getBundleImpl(ResourceBundle.java:1700)
at java.base/java.util.ResourceBundle.getBundleImpl(ResourceBundle.java:1603)
at java.base/java.util.ResourceBundle.getBundleImpl(ResourceBundle.java:1558)
at java.base/java.util.ResourceBundle.getBundle(ResourceBundle.java:864)
at com.driverFactory.DriverClass.getdesireDriver(DriverClass.java:24)
at com.driverFactory.DriverClass.setUpDriver(DriverClass.java:67)
at com.Hooks.Hooks.setUp(Hooks.java:21)
]]>
    </error>
  </testcase> <!-- runScenario -->
  <testcase classname="com.TesRunner.TestNgTestRunner" name="runScenario" time="0.011">
    <error message="Can&#039;t find bundle for base name config, locale en_US" type="java.util.MissingResourceException">
      <![CDATA[java.util.MissingResourceException: Can't find bundle for base name config, locale en_US
at java.base/java.util.ResourceBundle.throwMissingResourceException(ResourceBundle.java:2062)
at java.base/java.util.ResourceBundle.getBundleImpl(ResourceBundle.java:1700)
at java.base/java.util.ResourceBundle.getBundleImpl(ResourceBundle.java:1603)
at java.base/java.util.ResourceBundle.getBundleImpl(ResourceBundle.java:1558)
at java.base/java.util.ResourceBundle.getBundle(ResourceBundle.java:864)
at com.driverFactory.DriverClass.getdesireDriver(DriverClass.java:24)
at com.driverFactory.DriverClass.setUpDriver(DriverClass.java:67)
at com.Hooks.Hooks.setUp(Hooks.java:21)
]]>
    </error>
  </testcase> <!-- runScenario -->
  <testcase classname="com.TesRunner.TestNgTestRunner" name="runScenario" time="0.028">
    <error message="Can&#039;t find bundle for base name config, locale en_US" type="java.util.MissingResourceException">
      <![CDATA[java.util.MissingResourceException: Can't find bundle for base name config, locale en_US
at java.base/java.util.ResourceBundle.throwMissingResourceException(ResourceBundle.java:2062)
at java.base/java.util.ResourceBundle.getBundleImpl(ResourceBundle.java:1700)
at java.base/java.util.ResourceBundle.getBundleImpl(ResourceBundle.java:1603)
at java.base/java.util.ResourceBundle.getBundleImpl(ResourceBundle.java:1558)
at java.base/java.util.ResourceBundle.getBundle(ResourceBundle.java:864)
at com.driverFactory.DriverClass.getdesireDriver(DriverClass.java:24)
at com.driverFactory.DriverClass.setUpDriver(DriverClass.java:67)
at com.Hooks.Hooks.setUp(Hooks.java:21)
]]>
    </error>
  </testcase> <!-- runScenario -->
  <testcase classname="com.TesRunner.TestNgTestRunner" name="runScenario" time="0.014">
    <error message="Can&#039;t find bundle for base name config, locale en_US" type="java.util.MissingResourceException">
      <![CDATA[java.util.MissingResourceException: Can't find bundle for base name config, locale en_US
at java.base/java.util.ResourceBundle.throwMissingResourceException(ResourceBundle.java:2062)
at java.base/java.util.ResourceBundle.getBundleImpl(ResourceBundle.java:1700)
at java.base/java.util.ResourceBundle.getBundleImpl(ResourceBundle.java:1603)
at java.base/java.util.ResourceBundle.getBundleImpl(ResourceBundle.java:1558)
at java.base/java.util.ResourceBundle.getBundle(ResourceBundle.java:864)
at com.driverFactory.DriverClass.getdesireDriver(DriverClass.java:24)
at com.driverFactory.DriverClass.setUpDriver(DriverClass.java:67)
at com.Hooks.Hooks.setUp(Hooks.java:21)
]]>
    </error>
  </testcase> <!-- runScenario -->
  <testcase classname="com.TesRunner.TestNgTestRunner" name="runScenario" time="0.023">
    <error message="Can&#039;t find bundle for base name config, locale en_US" type="java.util.MissingResourceException">
      <![CDATA[java.util.MissingResourceException: Can't find bundle for base name config, locale en_US
at java.base/java.util.ResourceBundle.throwMissingResourceException(ResourceBundle.java:2062)
at java.base/java.util.ResourceBundle.getBundleImpl(ResourceBundle.java:1700)
at java.base/java.util.ResourceBundle.getBundleImpl(ResourceBundle.java:1603)
at java.base/java.util.ResourceBundle.getBundleImpl(ResourceBundle.java:1558)
at java.base/java.util.ResourceBundle.getBundle(ResourceBundle.java:864)
at com.driverFactory.DriverClass.getdesireDriver(DriverClass.java:24)
at com.driverFactory.DriverClass.setUpDriver(DriverClass.java:67)
at com.Hooks.Hooks.setUp(Hooks.java:21)
]]>
    </error>
  </testcase> <!-- runScenario -->
  <testcase classname="com.TesRunner.TestNgTestRunner" name="runScenario" time="0.043">
    <error message="Can&#039;t find bundle for base name config, locale en_US" type="java.util.MissingResourceException">
      <![CDATA[java.util.MissingResourceException: Can't find bundle for base name config, locale en_US
at java.base/java.util.ResourceBundle.throwMissingResourceException(ResourceBundle.java:2062)
at java.base/java.util.ResourceBundle.getBundleImpl(ResourceBundle.java:1700)
at java.base/java.util.ResourceBundle.getBundleImpl(ResourceBundle.java:1603)
at java.base/java.util.ResourceBundle.getBundleImpl(ResourceBundle.java:1558)
at java.base/java.util.ResourceBundle.getBundle(ResourceBundle.java:864)
at com.driverFactory.DriverClass.getdesireDriver(DriverClass.java:24)
at com.driverFactory.DriverClass.setUpDriver(DriverClass.java:67)
at com.Hooks.Hooks.setUp(Hooks.java:21)
]]>
    </error>
  </testcase> <!-- runScenario -->
  <testcase classname="com.TesRunner.TestNgTestRunner" name="runScenario" time="0.024">
    <error message="Can&#039;t find bundle for base name config, locale en_US" type="java.util.MissingResourceException">
      <![CDATA[java.util.MissingResourceException: Can't find bundle for base name config, locale en_US
at java.base/java.util.ResourceBundle.throwMissingResourceException(ResourceBundle.java:2062)
at java.base/java.util.ResourceBundle.getBundleImpl(ResourceBundle.java:1700)
at java.base/java.util.ResourceBundle.getBundleImpl(ResourceBundle.java:1603)
at java.base/java.util.ResourceBundle.getBundleImpl(ResourceBundle.java:1558)
at java.base/java.util.ResourceBundle.getBundle(ResourceBundle.java:864)
at com.driverFactory.DriverClass.getdesireDriver(DriverClass.java:24)
at com.driverFactory.DriverClass.setUpDriver(DriverClass.java:67)
at com.Hooks.Hooks.setUp(Hooks.java:21)
]]>
    </error>
  </testcase> <!-- runScenario -->
  <testcase classname="com.TesRunner.TestNgTestRunner" name="runScenario" time="0.015">
    <error message="Can&#039;t find bundle for base name config, locale en_US" type="java.util.MissingResourceException">
      <![CDATA[java.util.MissingResourceException: Can't find bundle for base name config, locale en_US
at java.base/java.util.ResourceBundle.throwMissingResourceException(ResourceBundle.java:2062)
at java.base/java.util.ResourceBundle.getBundleImpl(ResourceBundle.java:1700)
at java.base/java.util.ResourceBundle.getBundleImpl(ResourceBundle.java:1603)
at java.base/java.util.ResourceBundle.getBundleImpl(ResourceBundle.java:1558)
at java.base/java.util.ResourceBundle.getBundle(ResourceBundle.java:864)
at com.driverFactory.DriverClass.getdesireDriver(DriverClass.java:24)
at com.driverFactory.DriverClass.setUpDriver(DriverClass.java:67)
at com.Hooks.Hooks.setUp(Hooks.java:21)
]]>
    </error>
  </testcase> <!-- runScenario -->
  <testcase classname="com.TesRunner.TestNgTestRunner" name="runScenario" time="0.015">
    <error message="Can&#039;t find bundle for base name config, locale en_US" type="java.util.MissingResourceException">
      <![CDATA[java.util.MissingResourceException: Can't find bundle for base name config, locale en_US
at java.base/java.util.ResourceBundle.throwMissingResourceException(ResourceBundle.java:2062)
at java.base/java.util.ResourceBundle.getBundleImpl(ResourceBundle.java:1700)
at java.base/java.util.ResourceBundle.getBundleImpl(ResourceBundle.java:1603)
at java.base/java.util.ResourceBundle.getBundleImpl(ResourceBundle.java:1558)
at java.base/java.util.ResourceBundle.getBundle(ResourceBundle.java:864)
at com.driverFactory.DriverClass.getdesireDriver(DriverClass.java:24)
at com.driverFactory.DriverClass.setUpDriver(DriverClass.java:67)
at com.Hooks.Hooks.setUp(Hooks.java:21)
]]>
    </error>
  </testcase> <!-- runScenario -->
  <testcase classname="com.TesRunner.TestNgTestRunner" name="runScenario" time="0.017">
    <error message="Can&#039;t find bundle for base name config, locale en_US" type="java.util.MissingResourceException">
      <![CDATA[java.util.MissingResourceException: Can't find bundle for base name config, locale en_US
at java.base/java.util.ResourceBundle.throwMissingResourceException(ResourceBundle.java:2062)
at java.base/java.util.ResourceBundle.getBundleImpl(ResourceBundle.java:1700)
at java.base/java.util.ResourceBundle.getBundleImpl(ResourceBundle.java:1603)
at java.base/java.util.ResourceBundle.getBundleImpl(ResourceBundle.java:1558)
at java.base/java.util.ResourceBundle.getBundle(ResourceBundle.java:864)
at com.driverFactory.DriverClass.getdesireDriver(DriverClass.java:24)
at com.driverFactory.DriverClass.setUpDriver(DriverClass.java:67)
at com.Hooks.Hooks.setUp(Hooks.java:21)
]]>
    </error>
  </testcase> <!-- runScenario -->
  <testcase classname="com.TesRunner.TestNgTestRunner" name="runScenario" time="0.042">
    <error message="Can&#039;t find bundle for base name config, locale en_US" type="java.util.MissingResourceException">
      <![CDATA[java.util.MissingResourceException: Can't find bundle for base name config, locale en_US
at java.base/java.util.ResourceBundle.throwMissingResourceException(ResourceBundle.java:2062)
at java.base/java.util.ResourceBundle.getBundleImpl(ResourceBundle.java:1700)
at java.base/java.util.ResourceBundle.getBundleImpl(ResourceBundle.java:1603)
at java.base/java.util.ResourceBundle.getBundleImpl(ResourceBundle.java:1558)
at java.base/java.util.ResourceBundle.getBundle(ResourceBundle.java:864)
at com.driverFactory.DriverClass.getdesireDriver(DriverClass.java:24)
at com.driverFactory.DriverClass.setUpDriver(DriverClass.java:67)
at com.Hooks.Hooks.setUp(Hooks.java:21)
]]>
    </error>
  </testcase> <!-- runScenario -->
  <testcase classname="com.TesRunner.TestNgTestRunner" name="runScenario" time="0.013">
    <error message="Can&#039;t find bundle for base name config, locale en_US" type="java.util.MissingResourceException">
      <![CDATA[java.util.MissingResourceException: Can't find bundle for base name config, locale en_US
at java.base/java.util.ResourceBundle.throwMissingResourceException(ResourceBundle.java:2062)
at java.base/java.util.ResourceBundle.getBundleImpl(ResourceBundle.java:1700)
at java.base/java.util.ResourceBundle.getBundleImpl(ResourceBundle.java:1603)
at java.base/java.util.ResourceBundle.getBundleImpl(ResourceBundle.java:1558)
at java.base/java.util.ResourceBundle.getBundle(ResourceBundle.java:864)
at com.driverFactory.DriverClass.getdesireDriver(DriverClass.java:24)
at com.driverFactory.DriverClass.setUpDriver(DriverClass.java:67)
at com.Hooks.Hooks.setUp(Hooks.java:21)
]]>
    </error>
  </testcase> <!-- runScenario -->
  <testcase classname="com.TesRunner.TestNgTestRunner" name="runScenario" time="0.045">
    <error message="Can&#039;t find bundle for base name config, locale en_US" type="java.util.MissingResourceException">
      <![CDATA[java.util.MissingResourceException: Can't find bundle for base name config, locale en_US
at java.base/java.util.ResourceBundle.throwMissingResourceException(ResourceBundle.java:2062)
at java.base/java.util.ResourceBundle.getBundleImpl(ResourceBundle.java:1700)
at java.base/java.util.ResourceBundle.getBundleImpl(ResourceBundle.java:1603)
at java.base/java.util.ResourceBundle.getBundleImpl(ResourceBundle.java:1558)
at java.base/java.util.ResourceBundle.getBundle(ResourceBundle.java:864)
at com.driverFactory.DriverClass.getdesireDriver(DriverClass.java:24)
at com.driverFactory.DriverClass.setUpDriver(DriverClass.java:67)
at com.Hooks.Hooks.setUp(Hooks.java:21)
]]>
    </error>
  </testcase> <!-- runScenario -->
  <testcase classname="com.TesRunner.TestNgTestRunner" name="runScenario" time="0.018">
    <error message="Can&#039;t find bundle for base name config, locale en_US" type="java.util.MissingResourceException">
      <![CDATA[java.util.MissingResourceException: Can't find bundle for base name config, locale en_US
at java.base/java.util.ResourceBundle.throwMissingResourceException(ResourceBundle.java:2062)
at java.base/java.util.ResourceBundle.getBundleImpl(ResourceBundle.java:1700)
at java.base/java.util.ResourceBundle.getBundleImpl(ResourceBundle.java:1603)
at java.base/java.util.ResourceBundle.getBundleImpl(ResourceBundle.java:1558)
at java.base/java.util.ResourceBundle.getBundle(ResourceBundle.java:864)
at com.driverFactory.DriverClass.getdesireDriver(DriverClass.java:24)
at com.driverFactory.DriverClass.setUpDriver(DriverClass.java:67)
at com.Hooks.Hooks.setUp(Hooks.java:21)
]]>
    </error>
  </testcase> <!-- runScenario -->
</testsuite> <!-- com.TesRunner.TestNgTestRunner -->
